<?xml version="1.0" encoding="UTF-8"?>
<!-- Generated by org.testng.reporters.JUnitReportReporter -->
<testsuite hostname="Saffron" failures="0" tests="8" name="com.Weekly.qa.TestCases.WebHomePageTest" time="121.653" errors="0" timestamp="04 Jul 2019 09:26:06 GMT" skipped="5">
  <testcase classname="com.Weekly.qa.TestCases.WebHomePageTest" name="TC_01" time="38.311"/>
  <testcase classname="com.Weekly.qa.TestCases.WebHomePageTest" name="TC_02" time="44.253"/>
  <testcase classname="com.Weekly.qa.TestCases.WebHomePageTest" name="TC_03" time="39.089"/>
  <testcase classname="com.Weekly.qa.TestCases.WebHomePageTest" name="TC_06_CurrentAds">
    <skipped/>
  </testcase> <!-- TC_06_CurrentAds -->
  <testcase classname="com.Weekly.qa.TestCases.WebHomePageTest" name="TC_04">
    <skipped/>
  </testcase> <!-- TC_04 -->
  <testcase classname="com.Weekly.qa.TestCases.WebHomePageTest" name="TC_03_CurrentAds">
    <skipped/>
  </testcase> <!-- TC_03_CurrentAds -->
  <testcase classname="com.Weekly.qa.TestCases.WebHomePageTest" name="TC_01_CurrentAds">
    <skipped/>
  </testcase> <!-- TC_01_CurrentAds -->
  <testcase classname="com.Weekly.qa.TestCases.WebHomePageTest" name="TC_02_CurrentAds">
    <skipped/>
  </testcase> <!-- TC_02_CurrentAds -->
</testsuite> <!-- com.Weekly.qa.TestCases.WebHomePageTest -->
