<?xml version="1.0" encoding="UTF-8"?>
<!-- Generated by org.testng.reporters.JUnitReportReporter -->
<testsuite hostname="Saffron" failures="0" tests="4" name="com.Weekly.qa.TestCases.WebHomePageTest" time="220.174" errors="0" timestamp="01 Jul 2019 11:39:45 GMT" skipped="0">
  <testcase classname="com.Weekly.qa.TestCases.WebHomePageTest" name="TC_06" time="64.076"/>
  <testcase classname="com.Weekly.qa.TestCases.WebHomePageTest" name="TC_02" time="45.340"/>
  <testcase classname="com.Weekly.qa.TestCases.WebHomePageTest" name="TC_03" time="51.354"/>
  <testcase classname="com.Weekly.qa.TestCases.WebHomePageTest" name="TC_01" time="59.404"/>
</testsuite> <!-- com.Weekly.qa.TestCases.WebHomePageTest -->
