<?xml version="1.0" encoding="UTF-8"?>
<!-- Generated by org.testng.reporters.JUnitReportReporter -->
<testsuite hostname="Saffron" failures="0" tests="18" name="com.Weekly.qa.TestCases.PastAdsPageTest" time="870.324" errors="0" timestamp="02 Jul 2019 12:15:44 GMT" skipped="0">
  <testcase classname="com.Weekly.qa.TestCases.PastAdsPageTest" name="TC_45" time="45.402"/>
  <testcase classname="com.Weekly.qa.TestCases.PastAdsPageTest" name="TC_47" time="51.477"/>
  <testcase classname="com.Weekly.qa.TestCases.PastAdsPageTest" name="TC_33" time="44.239"/>
  <testcase classname="com.Weekly.qa.TestCases.PastAdsPageTest" name="TC_34" time="46.855"/>
  <testcase classname="com.Weekly.qa.TestCases.PastAdsPageTest" name="TC_31" time="44.664"/>
  <testcase classname="com.Weekly.qa.TestCases.PastAdsPageTest" name="TC_38" time="43.668"/>
  <testcase classname="com.Weekly.qa.TestCases.PastAdsPageTest" name="TC_40" time="39.741"/>
  <testcase classname="com.Weekly.qa.TestCases.PastAdsPageTest" name="TC_41" time="44.586"/>
  <testcase classname="com.Weekly.qa.TestCases.PastAdsPageTest" name="TC_44" time="46.073"/>
  <testcase classname="com.Weekly.qa.TestCases.PastAdsPageTest" name="TC_42" time="43.463"/>
  <testcase classname="com.Weekly.qa.TestCases.PastAdsPageTest" name="TC_32" time="45.561"/>
  <testcase classname="com.Weekly.qa.TestCases.PastAdsPageTest" name="TC_37" time="41.530"/>
  <testcase classname="com.Weekly.qa.TestCases.PastAdsPageTest" name="TC_39" time="40.623"/>
  <testcase classname="com.Weekly.qa.TestCases.PastAdsPageTest" name="TC_35" time="40.267"/>
  <testcase classname="com.Weekly.qa.TestCases.PastAdsPageTest" name="TC_49" time="47.487"/>
  <testcase classname="com.Weekly.qa.TestCases.PastAdsPageTest" name="TC_43" time="51.185"/>
  <testcase classname="com.Weekly.qa.TestCases.PastAdsPageTest" name="TC_48" time="42.588"/>
  <testcase classname="com.Weekly.qa.TestCases.PastAdsPageTest" name="TC_46" time="110.915"/>
</testsuite> <!-- com.Weekly.qa.TestCases.PastAdsPageTest -->
