<?xml version="1.0" encoding="UTF-8"?>
<!-- Generated by org.testng.reporters.JUnitReportReporter -->
<testsuite hostname="Saffron" failures="0" tests="6" name="com.Weekly.qa.TestCases.SavedAdsPageTest" time="281.908" errors="1" timestamp="04 Jul 2019 06:47:20 GMT" skipped="0">
  <testcase classname="com.Weekly.qa.TestCases.SavedAdsPageTest" name="TC_60" time="41.191">
    <error message="WeeklyPaper - My Past Ads expected:&lt;WeeklyPaper - My Saved Ads&gt; but was:&lt;The title of the page doesen&#039;t match the needed&gt;" type="junit.framework.ComparisonFailure">
      <![CDATA[junit.framework.ComparisonFailure: WeeklyPaper - My Past Ads expected:<WeeklyPaper - My Saved Ads> but was:<The title of the page doesen't match the needed>
	at junit.framework.Assert.assertEquals(Assert.java:81)
	at com.Weekly.qa.TestCases.SavedAdsPageTest.TC_60(SavedAdsPageTest.java:49)
	at java.base/jdk.internal.reflect.NativeMethodAccessorImpl.invoke0(Native Method)
	at java.base/jdk.internal.reflect.NativeMethodAccessorImpl.invoke(NativeMethodAccessorImpl.java:62)
	at java.base/jdk.internal.reflect.DelegatingMethodAccessorImpl.invoke(DelegatingMethodAccessorImpl.java:43)
	at java.base/java.lang.reflect.Method.invoke(Method.java:567)
	at org.testng.internal.MethodInvocationHelper.invokeMethod(MethodInvocationHelper.java:108)
	at org.testng.internal.Invoker.invokeMethod(Invoker.java:661)
	at org.testng.internal.Invoker.invokeTestMethod(Invoker.java:869)
	at org.testng.internal.Invoker.invokeTestMethods(Invoker.java:1193)
	at org.testng.internal.TestMethodWorker.invokeTestMethods(TestMethodWorker.java:126)
	at org.testng.internal.TestMethodWorker.run(TestMethodWorker.java:109)
	at org.testng.TestRunner.privateRun(TestRunner.java:744)
	at org.testng.TestRunner.run(TestRunner.java:602)
	at org.testng.SuiteRunner.runTest(SuiteRunner.java:380)
	at org.testng.SuiteRunner.runSequentially(SuiteRunner.java:375)
	at org.testng.SuiteRunner.privateRun(SuiteRunner.java:340)
	at org.testng.SuiteRunner.run(SuiteRunner.java:289)
	at org.testng.SuiteRunnerWorker.runSuite(SuiteRunnerWorker.java:52)
	at org.testng.SuiteRunnerWorker.run(SuiteRunnerWorker.java:86)
	at org.testng.TestNG.runSuitesSequentially(TestNG.java:1301)
	at org.testng.TestNG.runSuitesLocally(TestNG.java:1226)
	at org.testng.TestNG.runSuites(TestNG.java:1144)
	at org.testng.TestNG.run(TestNG.java:1115)
	at org.testng.remote.AbstractRemoteTestNG.run(AbstractRemoteTestNG.java:115)
	at org.testng.remote.RemoteTestNG.initAndRun(RemoteTestNG.java:251)
	at org.testng.remote.RemoteTestNG.main(RemoteTestNG.java:77)
]]>
    </error>
  </testcase> <!-- TC_60 -->
  <testcase classname="com.Weekly.qa.TestCases.SavedAdsPageTest" name="TC_62" time="44.107"/>
  <testcase classname="com.Weekly.qa.TestCases.SavedAdsPageTest" name="TC_61" time="43.139"/>
  <testcase classname="com.Weekly.qa.TestCases.SavedAdsPageTest" name="TC_59" time="67.299"/>
  <testcase classname="com.Weekly.qa.TestCases.SavedAdsPageTest" name="TC_64" time="43.179"/>
  <testcase classname="com.Weekly.qa.TestCases.SavedAdsPageTest" name="TC_63" time="42.993"/>
</testsuite> <!-- com.Weekly.qa.TestCases.SavedAdsPageTest -->
