<?xml version="1.0" encoding="UTF-8"?>
<!-- Generated by org.testng.reporters.JUnitReportReporter -->
<testsuite hostname="Saffron" failures="0" tests="7" name="com.Weekly.qa.TestCases.FavouriteAdsPageTest" time="451.854" errors="0" timestamp="03 Jul 2019 10:15:23 GMT" skipped="0">
  <testcase classname="com.Weekly.qa.TestCases.FavouriteAdsPageTest" name="TC_56" time="42.315"/>
  <testcase classname="com.Weekly.qa.TestCases.FavouriteAdsPageTest" name="TC_58" time="108.687"/>
  <testcase classname="com.Weekly.qa.TestCases.FavouriteAdsPageTest" name="TC_55" time="42.595"/>
  <testcase classname="com.Weekly.qa.TestCases.FavouriteAdsPageTest" name="TC_54" time="41.478"/>
  <testcase classname="com.Weekly.qa.TestCases.FavouriteAdsPageTest" name="TC_50" time="94.576"/>
  <testcase classname="com.Weekly.qa.TestCases.FavouriteAdsPageTest" name="TC_57" time="82.510"/>
  <testcase classname="com.Weekly.qa.TestCases.FavouriteAdsPageTest" name="TC_52" time="39.693"/>
</testsuite> <!-- com.Weekly.qa.TestCases.FavouriteAdsPageTest -->
